MIF/HEX Update report for AP9
Mon Jul 11 22:35:56 2022
Quartus Prime Version 21.1.0 Build 842 10/21/2021 SJ Lite Edition


---------------------
; Table of Contents ;
---------------------
  1. Legal Notice
  2. MIF/HEX Update Summary
  3. MIF/HEX Update Processed Files
  4. MIF/HEX Update Messages



----------------
; Legal Notice ;
----------------
Copyright (C) 2021  Intel Corporation. All rights reserved.
Your use of Intel Corporation's design tools, logic functions 
and other software and tools, and any partner logic 
functions, and any output files from any of the foregoing 
(including device programming or simulation files), and any 
associated documentation or information are expressly subject 
to the terms and conditions of the Intel Program License 
Subscription Agreement, the Intel Quartus Prime License Agreement,
the Intel FPGA IP License Agreement, or other applicable license
agreement, including, without limitation, that your use is for
the sole purpose of programming logic devices manufactured by
Intel and sold by Intel or its authorized distributors.  Please
refer to the applicable agreement for further details, at
https://fpgasoftware.intel.com/eula.



+---------------------------------------------------------------+
; MIF/HEX Update Summary                                        ;
+-----------------------+---------------------------------------+
; MIF/HEX Update Status ; Successful - Mon Jul 11 22:35:56 2022 ;
; Revision Name         ; AP9                                   ;
; Top-level Entity Name ; AP9                                   ;
; Family                ; Cyclone V                             ;
; Device                ; 5CEBA4F23C7                           ;
+-----------------------+---------------------------------------+


+----------------------------------------------------------------------------------------+
; MIF/HEX Update Processed Files                                                         ;
+----------------------------------------------------------------------------------------+
; File Name                                                                              ;
+----------------------------------------------------------------------------------------+
; C:/Users/10734773/Desktop/Processador-ICMC-master/Processor_FPGA/DE0_CV/charmap.mif    ;
; C:/Users/10734773/Desktop/Processador-ICMC-master/Processor_FPGA/DE0_CV/cpuram.mif     ;
; C:/Users/10734773/Desktop/Processador-ICMC-master/Processor_FPGA/DE0_CV/video_mem1.mif ;
; C:/Users/10734773/Desktop/Processador-ICMC-master/Processor_FPGA/DE0_CV/video_mem2.mif ;
+----------------------------------------------------------------------------------------+


+-------------------------+
; MIF/HEX Update Messages ;
+-------------------------+
Info: *******************************************************************
Info: Running Quartus Prime MIF/HEX Update
    Info: Version 21.1.0 Build 842 10/21/2021 SJ Lite Edition
    Info: Processing started: Mon Jul 11 22:35:49 2022
Info: Command: quartus_cdb AP9 -c AP9 --update_mif
Warning (18236): Number of processors has not been specified which may cause overloading on shared machines.  Set the global assignment NUM_PARALLEL_PROCESSORS in your QSF to an appropriate value for best performance.
Info (39024): Processed the following Memory Initialization File(s)
    Info (39025): Processed Memory Initialization File C:/Users/10734773/Desktop/Processador-ICMC-master/Processor_FPGA/DE0_CV/charmap.mif File: C:/Users/10734773/Desktop/Processador-ICMC-master/Processor_FPGA/DE0_CV/charmap.mif Line: 0
    Info (39025): Processed Memory Initialization File C:/Users/10734773/Desktop/Processador-ICMC-master/Processor_FPGA/DE0_CV/cpuram.mif File: C:/Users/10734773/Desktop/Processador-ICMC-master/Processor_FPGA/DE0_CV/cpuram.mif Line: 0
    Info (39025): Processed Memory Initialization File C:/Users/10734773/Desktop/Processador-ICMC-master/Processor_FPGA/DE0_CV/video_mem1.mif File: C:/Users/10734773/Desktop/Processador-ICMC-master/Processor_FPGA/DE0_CV/video_mem1.mif Line: 0
    Info (39025): Processed Memory Initialization File C:/Users/10734773/Desktop/Processador-ICMC-master/Processor_FPGA/DE0_CV/video_mem2.mif File: C:/Users/10734773/Desktop/Processador-ICMC-master/Processor_FPGA/DE0_CV/video_mem2.mif Line: 0
Info: Quartus Prime MIF/HEX Update was successful. 0 errors, 1 warning
    Info: Peak virtual memory: 4856 megabytes
    Info: Processing ended: Mon Jul 11 22:35:56 2022
    Info: Elapsed time: 00:00:07
    Info: Total CPU time (on all processors): 00:00:07


